<?xml version="1.0" encoding="UTF-8"?>
<coverage generated="1730586791401" clover="3.2.0">
  <project timestamp="1730586791401" name="All files">
    <metrics statements="7" coveredstatements="7" conditionals="2" coveredconditionals="2" methods="1" coveredmethods="1" elements="10" coveredelements="10" complexity="0" loc="7" ncloc="7" packages="1" files="1" classes="1"/>
    <file name="productos.js" path="C:\Users\belsi\OneDrive\Escritorio\tiendaza\js\productos.js">
      <metrics statements="7" coveredstatements="7" conditionals="2" coveredconditionals="2" methods="1" coveredmethods="1"/>
      <line num="1" count="1" type="stmt"/>
      <line num="2" count="3" type="stmt"/>
      <line num="4" count="3" type="stmt"/>
      <line num="5" count="54" type="cond" truecount="2" falsecount="0"/>
      <line num="6" count="18" type="stmt"/>
      <line num="10" count="3" type="stmt"/>
      <line num="13" count="1" type="stmt"/>
    </file>
  </project>
</coverage>
