{"C:\\Users\\belsi\\OneDrive\\Escritorio\\tiendaza\\js\\productos.js": {"path":"C:\\Users\\belsi\\OneDrive\\Escritorio\\tiendaza\\js\\productos.js","statementMap":{"0":{"start":{"line":1,"column":25},"end":{"line":11,"column":3}},"1":{"start":{"line":2,"column":20},"end":{"line":2,"column":22}},"2":{"start":{"line":4,"column":4},"end":{"line":8,"column":5}},"3":{"start":{"line":4,"column":17},"end":{"line":4,"column":18}},"4":{"start":{"line":5,"column":6},"end":{"line":7,"column":7}},"5":{"start":{"line":6,"column":8},"end":{"line":6,"column":42}},"6":{"start":{"line":10,"column":4},"end":{"line":10,"column":21}},"7":{"start":{"line":13,"column":2},"end":{"line":13,"column":36}}},"fnMap":{"0":{"name":"(anonymous_0)","decl":{"start":{"line":1,"column":25},"end":{"line":1,"column":26}},"loc":{"start":{"line":1,"column":62},"end":{"line":11,"column":3}},"line":1}},"branchMap":{"0":{"loc":{"start":{"line":5,"column":6},"end":{"line":7,"column":7}},"type":"if","locations":[{"start":{"line":5,"column":6},"end":{"line":7,"column":7}},{"start":{},"end":{}}],"line":5}},"s":{"0":1,"1":3,"2":3,"3":3,"4":54,"5":18,"6":3,"7":1},"f":{"0":3},"b":{"0":[18,36]},"_coverageSchema":"1a1c01bbd47fc00a2c39e90264f33305004495a9","hash":"b9c1e3c284b52ab9e5de4b41ae302d5a780a13b9"}
}
